nohup: ignoring input

  .   ____          _            __ _ _
 /\\ / ___'_ __ _ _(_)_ __  __ _ \ \ \ \
( ( )\___ | '_ | '_| | '_ \/ _` | \ \ \ \
 \\/  ___)| |_)| | | | | || (_| |  ) ) ) )
  '  |____| .__|_| |_|_| |_\__, | / / / /
 =========|_|==============|___/=/_/_/_/
 :: Spring Boot ::                (v3.2.0)

2026-04-03T01:35:58.986Z  INFO 6899 --- [           main] com.workflow.WorkflowApplication         : Starting WorkflowApplication v1.0.0-SNAPSHOT using Java 17.0.16 with PID 6899 (/workspace/workflow-engine/target/workflow-engine-1.0.0-SNAPSHOT.jar started by root in /workspace/workflow-engine)
2026-04-03T01:35:59.024Z DEBUG 6899 --- [           main] com.workflow.WorkflowApplication         : Running with Spring Boot v3.2.0, Spring v6.1.1
2026-04-03T01:35:59.026Z  INFO 6899 --- [           main] com.workflow.WorkflowApplication         : No active profile set, falling back to 1 default profile: "default"
2026-04-03T01:36:09.606Z  INFO 6899 --- [           main] .s.d.r.c.RepositoryConfigurationDelegate : Bootstrapping Spring Data JPA repositories in DEFAULT mode.
2026-04-03T01:36:10.507Z  INFO 6899 --- [           main] .s.d.r.c.RepositoryConfigurationDelegate : Finished Spring Data repository scanning in 838 ms. Found 5 JPA repository interfaces.
2026-04-03T01:36:16.866Z  INFO 6899 --- [           main] o.s.b.w.embedded.tomcat.TomcatWebServer  : Tomcat initialized with port 8080 (http)
2026-04-03T01:36:16.965Z  INFO 6899 --- [           main] o.apache.catalina.core.StandardService   : Starting service [Tomcat]
2026-04-03T01:36:16.966Z  INFO 6899 --- [           main] o.apache.catalina.core.StandardEngine    : Starting Servlet engine: [Apache Tomcat/10.1.16]
2026-04-03T01:36:17.567Z  INFO 6899 --- [           main] o.a.c.c.C.[Tomcat].[localhost].[/]       : Initializing Spring embedded WebApplicationContext
2026-04-03T01:36:17.585Z  INFO 6899 --- [           main] w.s.c.ServletWebServerApplicationContext : Root WebApplicationContext: initialization completed in 17719 ms
2026-04-03T01:36:19.564Z  INFO 6899 --- [           main] o.hibernate.jpa.internal.util.LogHelper  : HHH000204: Processing PersistenceUnitInfo [name: default]
2026-04-03T01:36:20.287Z  INFO 6899 --- [           main] org.hibernate.Version                    : HHH000412: Hibernate ORM core version 6.3.1.Final
2026-04-03T01:36:20.766Z  INFO 6899 --- [           main] o.h.c.internal.RegionFactoryInitiator    : HHH000026: Second-level cache disabled
2026-04-03T01:36:23.288Z  INFO 6899 --- [           main] o.s.o.j.p.SpringPersistenceUnitInfo      : No LoadTimeWeaver setup: ignoring JPA class transformer
2026-04-03T01:36:23.626Z  INFO 6899 --- [           main] com.zaxxer.hikari.HikariDataSource       : HikariPool-1 - Starting...
2026-04-03T01:36:24.446Z  INFO 6899 --- [           main] com.zaxxer.hikari.pool.HikariPool        : HikariPool-1 - Added connection org.sqlite.jdbc4.JDBC4Connection@34f7b44f
2026-04-03T01:36:24.449Z  INFO 6899 --- [           main] com.zaxxer.hikari.HikariDataSource       : HikariPool-1 - Start completed.
2026-04-03T01:36:33.389Z  INFO 6899 --- [           main] o.h.e.t.j.p.i.JtaPlatformInitiator       : HHH000489: No JTA platform available (set 'hibernate.transaction.jta.platform' to enable JTA platform integration)
2026-04-03T01:36:33.766Z  INFO 6899 --- [           main] j.LocalContainerEntityManagerFactoryBean : Initialized JPA EntityManagerFactory for persistence unit 'default'
2026-04-03T01:36:39.367Z  WARN 6899 --- [           main] JpaBaseConfiguration$JpaWebConfiguration : spring.jpa.open-in-view is enabled by default. Therefore, database queries may be performed during view rendering. Explicitly configure spring.jpa.open-in-view to disable this warning
2026-04-03T01:36:39.608Z  INFO 6899 --- [           main] o.s.b.a.w.s.WelcomePageHandlerMapping    : Adding welcome page: class path resource [static/index.html]
2026-04-03T01:36:43.628Z  INFO 6899 --- [           main] o.s.b.w.embedded.tomcat.TomcatWebServer  : Tomcat started on port 8080 (http) with context path ''
2026-04-03T01:36:43.747Z  INFO 6899 --- [           main] com.workflow.WorkflowApplication         : Started WorkflowApplication in 49.76 seconds (process running for 54.122)
